{"ip":"::1","level":"info","message":"GET /api/v1/discussion","method":"GET","service":"user-service","timestamp":"2024-07-12 21:28:38","url":"/api/v1/discussion","userAgent":"PostmanRuntime/7.40.0"}
{"ip":"::1","level":"info","message":"GET /api/v1/discussion/669144fd730982b08d811fc2","method":"GET","service":"user-service","timestamp":"2024-07-12 21:30:08","url":"/api/v1/discussion/669144fd730982b08d811fc2","userAgent":"PostmanRuntime/7.40.0"}
{"ip":"::1","level":"info","message":"GET /api/v1/discussion/669144fd730982b08d811fc2","method":"GET","service":"user-service","timestamp":"2024-07-12 21:32:18","url":"/api/v1/discussion/669144fd730982b08d811fc2","userAgent":"PostmanRuntime/7.40.0"}
{"ip":"::1","level":"info","message":"GET /api/v1/discussion/669144fd730982b08d811fc2","method":"GET","service":"user-service","timestamp":"2024-07-12 21:32:42","url":"/api/v1/discussion/669144fd730982b08d811fc2","userAgent":"PostmanRuntime/7.40.0"}
{"ip":"::1","level":"info","message":"GET /api/v1/discussion/669144fd730982b08d811fc2","method":"GET","service":"user-service","timestamp":"2024-07-12 21:33:34","url":"/api/v1/discussion/669144fd730982b08d811fc2","userAgent":"PostmanRuntime/7.40.0"}
{"ip":"::1","level":"info","message":"POST /api/v1/discussion/reply","method":"POST","service":"user-service","timestamp":"2024-07-13 19:12:45","url":"/api/v1/discussion/reply","userAgent":"PostmanRuntime/7.40.0"}
{"ip":"::1","level":"info","message":"GET /api/v1/discussion","method":"GET","service":"user-service","timestamp":"2024-07-13 19:13:03","url":"/api/v1/discussion","userAgent":"PostmanRuntime/7.40.0"}
{"ip":"::1","level":"info","message":"GET /api/v1/discussion/general","method":"GET","service":"user-service","timestamp":"2024-07-13 19:13:23","url":"/api/v1/discussion/general","userAgent":"PostmanRuntime/7.40.0"}
{"ip":"::1","level":"info","message":"GET /api/v1/discussion/669144fd730982b08d811fc2","method":"GET","service":"user-service","timestamp":"2024-07-13 19:13:32","url":"/api/v1/discussion/669144fd730982b08d811fc2","userAgent":"PostmanRuntime/7.40.0"}
{"ip":"::1","level":"info","message":"GET /api/v1/discussion/668d67b56bbd8cdf44e9d707","method":"GET","service":"user-service","timestamp":"2024-07-13 19:14:17","url":"/api/v1/discussion/668d67b56bbd8cdf44e9d707","userAgent":"PostmanRuntime/7.40.0"}
{"ip":"::1","level":"info","message":"GET /api/v1/discussion/668d67b56bbd8cdf44e9d707","method":"GET","service":"user-service","timestamp":"2024-07-13 19:25:22","url":"/api/v1/discussion/668d67b56bbd8cdf44e9d707","userAgent":"PostmanRuntime/7.40.0"}
{"ip":"::1","level":"info","message":"POST /api/v1/discussion/reply","method":"POST","service":"user-service","timestamp":"2024-07-13 19:26:22","url":"/api/v1/discussion/reply","userAgent":"PostmanRuntime/7.40.0"}
{"ip":"::1","level":"info","message":"GET /api/v1/discussion/668d67b56bbd8cdf44e9d707","method":"GET","service":"user-service","timestamp":"2024-07-13 19:26:28","url":"/api/v1/discussion/668d67b56bbd8cdf44e9d707","userAgent":"PostmanRuntime/7.40.0"}
{"ip":"::1","level":"info","message":"GET /api/v1/streak","method":"GET","service":"user-service","timestamp":"2024-07-13 20:04:48","url":"/api/v1/streak","userAgent":"PostmanRuntime/7.40.0"}
{"ip":"::1","level":"info","message":"POST /api/v1/code/run","method":"POST","service":"user-service","timestamp":"2024-07-14 21:14:34","url":"/api/v1/code/run","userAgent":"PostmanRuntime/7.40.0"}
{"ip":"::1","level":"info","message":"POST /api/v1/code/run","method":"POST","service":"user-service","timestamp":"2024-07-14 22:21:36","url":"/api/v1/code/run","userAgent":"PostmanRuntime/7.40.0"}
{"ip":"::1","level":"info","message":"POST /api/v1/code/run","method":"POST","service":"user-service","timestamp":"2024-07-14 22:23:54","url":"/api/v1/code/run","userAgent":"PostmanRuntime/7.40.0"}
{"ip":"::1","level":"info","message":"POST /api/v1/code/run","method":"POST","service":"user-service","timestamp":"2024-07-14 22:26:00","url":"/api/v1/code/run","userAgent":"PostmanRuntime/7.40.0"}
{"ip":"::1","level":"info","message":"POST /api/v1/code/run","method":"POST","service":"user-service","timestamp":"2024-07-14 22:36:10","url":"/api/v1/code/run","userAgent":"PostmanRuntime/7.40.0"}
{"ip":"::1","level":"info","message":"POST /api/v1/code/run","method":"POST","service":"user-service","timestamp":"2024-07-15 14:37:10","url":"/api/v1/code/run","userAgent":"PostmanRuntime/7.40.0"}
{"ip":"::1","level":"info","message":"GET /api/v1/problem","method":"GET","service":"user-service","timestamp":"2024-07-15 14:37:33","url":"/api/v1/problem","userAgent":"PostmanRuntime/7.40.0"}
{"ip":"::1","level":"info","message":"GET /api/v1/problem","method":"GET","service":"user-service","timestamp":"2024-07-15 14:37:42","url":"/api/v1/problem","userAgent":"PostmanRuntime/7.40.0"}
{"ip":"::1","level":"info","message":"GET /api/v1/problem","method":"GET","service":"user-service","timestamp":"2024-07-15 15:24:49","url":"/api/v1/problem","userAgent":"PostmanRuntime/7.40.0"}
{"ip":"::1","level":"info","message":"GET /api/v1/problem","method":"GET","service":"user-service","timestamp":"2024-07-15 15:39:20","url":"/api/v1/problem","userAgent":"PostmanRuntime/7.40.0"}
{"ip":"::1","level":"info","message":"POST /api/v1/test/get","method":"POST","service":"user-service","timestamp":"2024-07-15 15:44:13","url":"/api/v1/test/get","userAgent":"PostmanRuntime/7.40.0"}
{"ip":"::1","level":"info","message":"PUT /api/v1/test/update/6694f388bfe3a516191b846d","method":"PUT","service":"user-service","timestamp":"2024-07-15 16:11:43","url":"/api/v1/test/update/6694f388bfe3a516191b846d","userAgent":"PostmanRuntime/7.40.0"}
{"ip":"::1","level":"info","message":"PUT /api/v1/test/update/6694f388bfe3a516191b846d","method":"PUT","service":"user-service","timestamp":"2024-07-15 16:12:24","url":"/api/v1/test/update/6694f388bfe3a516191b846d","userAgent":"PostmanRuntime/7.40.0"}
{"ip":"::1","level":"info","message":"PUT /api/v1/test/update/6694f388bfe3a516191b846d","method":"PUT","service":"user-service","timestamp":"2024-07-15 16:12:39","url":"/api/v1/test/update/6694f388bfe3a516191b846d","userAgent":"PostmanRuntime/7.40.0"}
{"ip":"::1","level":"info","message":"PUT /api/v1/test/update/6694f388bfe3a516191b846d","method":"PUT","service":"user-service","timestamp":"2024-07-15 16:14:16","url":"/api/v1/test/update/6694f388bfe3a516191b846d","userAgent":"PostmanRuntime/7.40.0"}
{"ip":"::1","level":"info","message":"PUT /api/v1/test/update/6694f388bfe3a516191b846c","method":"PUT","service":"user-service","timestamp":"2024-07-15 16:16:24","url":"/api/v1/test/update/6694f388bfe3a516191b846c","userAgent":"PostmanRuntime/7.40.0"}
{"ip":"::1","level":"info","message":"PUT /api/v1/test/update/6694f388bfe3a516191b846c","method":"PUT","service":"user-service","timestamp":"2024-07-15 16:20:24","url":"/api/v1/test/update/6694f388bfe3a516191b846c","userAgent":"PostmanRuntime/7.40.0"}
{"ip":"::1","level":"info","message":"PUT /api/v1/test/update/6694f388bfe3a516191b846c","method":"PUT","service":"user-service","timestamp":"2024-07-15 16:21:05","url":"/api/v1/test/update/6694f388bfe3a516191b846c","userAgent":"PostmanRuntime/7.40.0"}
{"ip":"::1","level":"info","message":"PUT /api/v1/test/update/6694f388bfe3a516191b846c","method":"PUT","service":"user-service","timestamp":"2024-07-15 16:21:34","url":"/api/v1/test/update/6694f388bfe3a516191b846c","userAgent":"PostmanRuntime/7.40.0"}
{"ip":"::1","level":"info","message":"GET /api/v1/problem","method":"GET","service":"user-service","timestamp":"2024-07-15 16:21:55","url":"/api/v1/problem","userAgent":"PostmanRuntime/7.40.0"}
{"ip":"::1","level":"info","message":"POST /api/v1/code/run","method":"POST","service":"user-service","timestamp":"2024-07-15 16:22:47","url":"/api/v1/code/run","userAgent":"PostmanRuntime/7.40.0"}
{"ip":"::1","level":"info","message":"POST /api/v1/code/run","method":"POST","service":"user-service","timestamp":"2024-07-15 16:23:41","url":"/api/v1/code/run","userAgent":"PostmanRuntime/7.40.0"}
{"ip":"::1","level":"info","message":"POST /api/v1/code/run","method":"POST","service":"user-service","timestamp":"2024-07-15 16:25:11","url":"/api/v1/code/run","userAgent":"PostmanRuntime/7.40.0"}
{"ip":"::1","level":"info","message":"POST /api/v1/code/run","method":"POST","service":"user-service","timestamp":"2024-07-15 16:25:47","url":"/api/v1/code/run","userAgent":"PostmanRuntime/7.40.0"}
{"ip":"::1","level":"info","message":"POST /api/v1/code/run","method":"POST","service":"user-service","timestamp":"2024-07-15 16:31:31","url":"/api/v1/code/run","userAgent":"PostmanRuntime/7.40.0"}
{"ip":"::1","level":"info","message":"POST /api/v1/code/run","method":"POST","service":"user-service","timestamp":"2024-07-15 16:32:46","url":"/api/v1/code/run","userAgent":"PostmanRuntime/7.40.0"}
{"ip":"::1","level":"info","message":"PUT /api/v1/problem/6694f362bfe3a516191b8466","method":"PUT","service":"user-service","timestamp":"2024-07-15 16:35:40","url":"/api/v1/problem/6694f362bfe3a516191b8466","userAgent":"PostmanRuntime/7.40.0"}
{"ip":"::1","level":"info","message":"PUT /api/v1/problem/6694f362bfe3a516191b8466","method":"PUT","service":"user-service","timestamp":"2024-07-15 16:35:48","url":"/api/v1/problem/6694f362bfe3a516191b8466","userAgent":"PostmanRuntime/7.40.0"}
